<?xml version="1.0" encoding="UTF-8"?>
<!-- Generated by org.testng.reporters.JUnitReportReporter -->
<testsuite skipped="0" hostname="SHASHIKIRAN8BD2" name="Academy.HomePage" tests="2" failures="0" timestamp="19 Apr 2018 22:55:11 GMT" time="27.931" errors="0">
  <testcase name="basePageNavigation" time="10.318" classname="Academy.HomePage"/>
  <testcase name="basePageNavigation" time="17.613" classname="Academy.HomePage"/>
</testsuite> <!-- Academy.HomePage -->
