<?xml version="1.0" encoding="UTF-8"?>
<!-- Generated by org.testng.reporters.JUnitReportReporter -->
<testsuite skipped="0" hostname="SHASHIKIRAN8BD2" name="Academy.validateNavigationBar" tests="1" failures="0" timestamp="19 Apr 2018 22:55:11 GMT" time="0.055" errors="0">
  <testcase name="validateAppNavBar" time="0.055" classname="Academy.validateNavigationBar"/>
</testsuite> <!-- Academy.validateNavigationBar -->
